  test.c
C:\Users\Luk1\Desktop\c\project\test_3_31\test_3_31\test.c(5,8): warning C4013: “printf”未定义；假设外部返回 int
test.obj : error LNK2019: 无法解析的外部符号 _printf，函数 _main 中引用了该符号
C:\Users\Luk1\Desktop\c\project\test_3_31\Debug\test_3_31.exe : fatal error LNK1120: 1 个无法解析的外部命令
